<?xml version="1.0" encoding="UTF-8"?>
<testng-results ignored="0" total="5" passed="4" failed="1" skipped="0">
  <reporter-output>
  </reporter-output>
  <suite started-at="2024-03-04T07:45:29 IST" name="Default suite" finished-at="2024-03-04T07:46:23 IST" duration-ms="53904">
    <groups>
      <group name="cucumber">
        <method signature="AbstractTestNGCucumberTests.runScenario(io.cucumber.testng.PickleWrapper,io.cucumber.testng.FeatureWrapper)[pri:0, instance:testRunner.Runner@235ecd9f]" name="runScenario" class="io.cucumber.testng.AbstractTestNGCucumberTests"/>
      </group> <!-- cucumber -->
    </groups>
    <test started-at="2024-03-04T07:45:29 IST" name="Default test" finished-at="2024-03-04T07:46:23 IST" duration-ms="53904">
      <class name="testRunner.Runner">
        <test-method is-config="true" signature="setUpClass(org.testng.ITestContext)[pri:0, instance:testRunner.Runner@235ecd9f]" started-at="2024-03-04T07:45:29 IST" name="setUpClass" finished-at="2024-03-04T07:45:30 IST" duration-ms="658" status="PASS">
          <params>
            <param index="0">
              <value>
                <![CDATA[org.testng.TestRunner@767599a7]]>
              </value>
            </param>
          </params>
          <reporter-output>
          </reporter-output>
        </test-method> <!-- setUpClass -->
        <test-method signature="runScenario(io.cucumber.testng.PickleWrapper,io.cucumber.testng.FeatureWrapper)[pri:0, instance:testRunner.Runner@235ecd9f]" started-at="2024-03-04T07:45:30 IST" name="runScenario" description="Runs Cucumber Scenarios" data-provider="scenarios" finished-at="2024-03-04T07:45:42 IST" duration-ms="11744" status="PASS">
          <params>
            <param index="0">
              <value>
                <![CDATA["Add Book to the cart"]]>
              </value>
            </param>
            <param index="1">
              <value>
                <![CDATA["Login Operation from bookcart"]]>
              </value>
            </param>
          </params>
          <reporter-output>
          </reporter-output>
        </test-method> <!-- runScenario -->
        <test-method signature="runScenario(io.cucumber.testng.PickleWrapper,io.cucumber.testng.FeatureWrapper)[pri:0, instance:testRunner.Runner@235ecd9f]" started-at="2024-03-04T07:45:42 IST" name="runScenario" description="Runs Cucumber Scenarios" data-provider="scenarios" finished-at="2024-03-04T07:45:48 IST" duration-ms="6512" status="FAIL">
          <params>
            <param index="0">
              <value>
                <![CDATA["Add Book to the cart"]]>
              </value>
            </param>
            <param index="1">
              <value>
                <![CDATA["Login Operation from bookcart"]]>
              </value>
            </param>
          </params>
          <exception class="org.openqa.selenium.NoSuchElementException">
            <message>
              <![CDATA[no such element: Unable to locate element: {"method":"xpath","selector":"/html/body/div[3]/div/div/div/mat-option/span"}
  (Session info: chrome=122.0.6261.95)
For documentation on this error, please visit: https://www.selenium.dev/documentation/webdriver/troubleshooting/errors#no-such-element-exception
Build info: version: '4.18.1', revision: 'b1d3319b48'
System info: os.name: 'Windows 10', os.arch: 'amd64', os.version: '10.0', java.version: '17.0.10'
Driver info: org.openqa.selenium.chrome.ChromeDriver
Command: [6675d547f5af466fbe7dd23e2b098945, findElement {value=/html/body/div[3]/div/div/div/mat-option/span, using=xpath}]
Capabilities {acceptInsecureCerts: false, browserName: chrome, browserVersion: 122.0.6261.95, chrome: {chromedriverVersion: 122.0.6261.94 (880dbf29479c..., userDataDir: C:\Users\saravasu\AppData\L...}, fedcm:accounts: true, goog:chromeOptions: {debuggerAddress: localhost:62537}, networkConnectionEnabled: false, pageLoadStrategy: normal, platformName: windows, proxy: Proxy(), se:cdp: ws://localhost:62537/devtoo..., se:cdpVersion: 122.0.6261.95, setWindowRect: true, strictFileInteractability: false, timeouts: {implicit: 0, pageLoad: 300000, script: 30000}, unhandledPromptBehavior: dismiss and notify, webauthn:extension:credBlob: true, webauthn:extension:largeBlob: true, webauthn:extension:minPinLength: true, webauthn:extension:prf: true, webauthn:virtualAuthenticators: true}
Session ID: 6675d547f5af466fbe7dd23e2b098945]]>
            </message>
            <full-stacktrace>
              <![CDATA[org.openqa.selenium.NoSuchElementException: no such element: Unable to locate element: {"method":"xpath","selector":"/html/body/div[3]/div/div/div/mat-option/span"}
  (Session info: chrome=122.0.6261.95)
For documentation on this error, please visit: https://www.selenium.dev/documentation/webdriver/troubleshooting/errors#no-such-element-exception
Build info: version: '4.18.1', revision: 'b1d3319b48'
System info: os.name: 'Windows 10', os.arch: 'amd64', os.version: '10.0', java.version: '17.0.10'
Driver info: org.openqa.selenium.chrome.ChromeDriver
Command: [6675d547f5af466fbe7dd23e2b098945, findElement {value=/html/body/div[3]/div/div/div/mat-option/span, using=xpath}]
Capabilities {acceptInsecureCerts: false, browserName: chrome, browserVersion: 122.0.6261.95, chrome: {chromedriverVersion: 122.0.6261.94 (880dbf29479c..., userDataDir: C:\Users\saravasu\AppData\L...}, fedcm:accounts: true, goog:chromeOptions: {debuggerAddress: localhost:62537}, networkConnectionEnabled: false, pageLoadStrategy: normal, platformName: windows, proxy: Proxy(), se:cdp: ws://localhost:62537/devtoo..., se:cdpVersion: 122.0.6261.95, setWindowRect: true, strictFileInteractability: false, timeouts: {implicit: 0, pageLoad: 300000, script: 30000}, unhandledPromptBehavior: dismiss and notify, webauthn:extension:credBlob: true, webauthn:extension:largeBlob: true, webauthn:extension:minPinLength: true, webauthn:extension:prf: true, webauthn:virtualAuthenticators: true}
Session ID: 6675d547f5af466fbe7dd23e2b098945
at java.base/jdk.internal.reflect.NativeConstructorAccessorImpl.newInstance0(Native Method)
at java.base/jdk.internal.reflect.NativeConstructorAccessorImpl.newInstance(NativeConstructorAccessorImpl.java:77)
at java.base/jdk.internal.reflect.DelegatingConstructorAccessorImpl.newInstance(DelegatingConstructorAccessorImpl.java:45)
at java.base/java.lang.reflect.Constructor.newInstanceWithCaller(Constructor.java:499)
at java.base/java.lang.reflect.Constructor.newInstance(Constructor.java:480)
at org.openqa.selenium.remote.ErrorCodec.decode(ErrorCodec.java:167)
at org.openqa.selenium.remote.codec.w3c.W3CHttpResponseCodec.decode(W3CHttpResponseCodec.java:138)
at org.openqa.selenium.remote.codec.w3c.W3CHttpResponseCodec.decode(W3CHttpResponseCodec.java:50)
at org.openqa.selenium.remote.HttpCommandExecutor.execute(HttpCommandExecutor.java:190)
at org.openqa.selenium.remote.service.DriverCommandExecutor.invokeExecute(DriverCommandExecutor.java:216)
at org.openqa.selenium.remote.service.DriverCommandExecutor.execute(DriverCommandExecutor.java:174)
at org.openqa.selenium.remote.RemoteWebDriver.execute(RemoteWebDriver.java:519)
at org.openqa.selenium.remote.ElementLocation$ElementFinder$2.findElement(ElementLocation.java:165)
at org.openqa.selenium.remote.ElementLocation.findElement(ElementLocation.java:59)
at org.openqa.selenium.remote.RemoteWebDriver.findElement(RemoteWebDriver.java:356)
at org.openqa.selenium.remote.RemoteWebDriver.findElement(RemoteWebDriver.java:350)
at steps.AddBooktoCart.userSerchThe(AddBooktoCart.java:43)
at ✽.User serch the "Roomies"(file:///C:/Users/saravasu/eclipse-workspace/CucumberFrameWorkPractice/src/test/java/features/addtoCart.feature:9)
]]>
            </full-stacktrace>
          </exception> <!-- org.openqa.selenium.NoSuchElementException -->
          <reporter-output>
          </reporter-output>
        </test-method> <!-- runScenario -->
        <test-method signature="runScenario(io.cucumber.testng.PickleWrapper,io.cucumber.testng.FeatureWrapper)[pri:0, instance:testRunner.Runner@235ecd9f]" started-at="2024-03-04T07:45:48 IST" name="runScenario" description="Runs Cucumber Scenarios" data-provider="scenarios" finished-at="2024-03-04T07:46:01 IST" duration-ms="13081" status="PASS">
          <params>
            <param index="0">
              <value>
                <![CDATA["Add Book to the cart"]]>
              </value>
            </param>
            <param index="1">
              <value>
                <![CDATA["Login Operation from bookcart"]]>
              </value>
            </param>
          </params>
          <reporter-output>
          </reporter-output>
        </test-method> <!-- runScenario -->
        <test-method signature="runScenario(io.cucumber.testng.PickleWrapper,io.cucumber.testng.FeatureWrapper)[pri:0, instance:testRunner.Runner@235ecd9f]" started-at="2024-03-04T07:46:01 IST" name="runScenario" description="Runs Cucumber Scenarios" data-provider="scenarios" finished-at="2024-03-04T07:46:13 IST" duration-ms="11801" status="PASS">
          <params>
            <param index="0">
              <value>
                <![CDATA["Login should be success"]]>
              </value>
            </param>
            <param index="1">
              <value>
                <![CDATA["Login Operation from bookcart"]]>
              </value>
            </param>
          </params>
          <reporter-output>
          </reporter-output>
        </test-method> <!-- runScenario -->
        <test-method signature="runScenario(io.cucumber.testng.PickleWrapper,io.cucumber.testng.FeatureWrapper)[pri:0, instance:testRunner.Runner@235ecd9f]" started-at="2024-03-04T07:46:13 IST" name="runScenario" description="Runs Cucumber Scenarios" data-provider="scenarios" finished-at="2024-03-04T07:46:23 IST" duration-ms="9957" status="PASS">
          <params>
            <param index="0">
              <value>
                <![CDATA["Login should be falied"]]>
              </value>
            </param>
            <param index="1">
              <value>
                <![CDATA["Login Operation from bookcart"]]>
              </value>
            </param>
          </params>
          <reporter-output>
          </reporter-output>
        </test-method> <!-- runScenario -->
        <test-method is-config="true" signature="tearDownClass()[pri:0, instance:testRunner.Runner@235ecd9f]" started-at="2024-03-04T07:46:23 IST" name="tearDownClass" finished-at="2024-03-04T07:46:23 IST" duration-ms="85" status="PASS">
          <reporter-output>
          </reporter-output>
        </test-method> <!-- tearDownClass -->
      </class> <!-- testRunner.Runner -->
    </test> <!-- Default test -->
  </suite> <!-- Default suite -->
</testng-results>
